2026-02-16 15:37:57.037 | ???????????????????????????????????????????????????????????
2026-02-16 15:37:57.057 | ? INITIALISATION DES JEUX - Début de la soirée
2026-02-16 15:37:57.062 | ???????????????????????????????????????????????????????????
2026-02-16 15:37:57.591 | ??  Anciens jeux supprimés
2026-02-16 15:37:57.758 | ? 14 jeux initialisés avec succès
2026-02-16 15:37:57.759 |    ? Jeu #1: Blindtest (TOUS_ENSEMBLE)
2026-02-16 15:37:57.760 |    ? Jeu #2: Jeu de Mime (REPRESENTANT)
2026-02-16 15:37:57.761 |    ? Jeu #3: Whisky Undercover (TOUS_ENSEMBLE)
2026-02-16 15:37:57.762 |    ? Jeu #4: Pyramide de Cups (TOUS_ENSEMBLE)
2026-02-16 15:37:57.762 |    ? Jeu #5: Battle de Pompes (REPRESENTANT)
2026-02-16 15:37:57.762 |    ? Jeu #6: Casque et Phrases (REPRESENTANT)
2026-02-16 15:37:57.763 |    ? Jeu #7: Gage (TOUS_ENSEMBLE)
2026-02-16 15:37:57.763 |    ? Jeu #8: Memory Numérique (UN_VS_UN)
2026-02-16 15:37:57.764 |    ? Jeu #9: Cup Challenge (DUO)
2026-02-16 15:37:57.765 |    ? Jeu #10: Tour de Cups (TOUS_ENSEMBLE)
2026-02-16 15:37:57.765 |    ? Jeu #11: Verre Débordant (REPRESENTANT)
2026-02-16 15:37:57.766 |    ? Jeu #12: Balloon Pop (DUO)
2026-02-16 15:37:57.766 |    ? Jeu #13: Speed Dating (REPRESENTANT)
2026-02-16 15:37:57.767 |    ? Jeu #14: Gage (TOUS_ENSEMBLE)
2026-02-16 15:37:57.767 | ???????????????????????????????????????????????????????????
2026-02-16 15:37:58.131 | ???????????????????????????????????????????????????????????
2026-02-16 15:37:58.133 | ? CRÉATION DES ÉQUIPES - 7 joueurs pour 4 équipes
2026-02-16 15:37:58.134 | ???????????????????????????????????????????????????????????
2026-02-16 15:37:58.152 | ??  Anciennes équipes et joueurs supprimés
2026-02-16 15:37:58.156 | ? Répartition: 4 hommes, 3 femmes
2026-02-16 15:37:58.201 | ? 4 équipes créées avec succès:
2026-02-16 15:37:58.203 |    ? Équipe 1 (#FF6B6B): 2 joueurs (1H/1F) - Points: 0 - Shots: 0
2026-02-16 15:37:58.204 |       • ggtygb (HOMME)
2026-02-16 15:37:58.205 |       • tctdy (FEMME)
2026-02-16 15:37:58.205 |    ? Équipe 2 (#4ECDC4): 2 joueurs (1H/1F) - Points: 0 - Shots: 0
2026-02-16 15:37:58.206 |       • tdctdry (HOMME)
2026-02-16 15:37:58.206 |       • hutè (FEMME)
2026-02-16 15:37:58.207 |    ? Équipe 3 (#45B7D1): 2 joueurs (1H/1F) - Points: 0 - Shots: 0
2026-02-16 15:37:58.208 |       • ygu (HOMME)
2026-02-16 15:37:58.208 |       • dcrtd (FEMME)
2026-02-16 15:37:58.210 |    ? Équipe 4 (#FFA07A): 1 joueurs (1H/0F) - Points: 0 - Shots: 0
2026-02-16 15:37:58.210 |       • (rc-vr-t (HOMME)
2026-02-16 15:37:58.211 | ???????????????????????????????????????????????????????????
