2026-02-21 12:23:06.221 | ???????????????????????????????????????????????????????????
2026-02-21 12:23:06.233 | ? INITIALISATION DES JEUX - Début de la soirée
2026-02-21 12:23:06.234 | ???????????????????????????????????????????????????????????
2026-02-21 12:23:06.800 | ??  Anciens jeux supprimés
2026-02-21 12:23:06.947 | ? 5 jeux initialisés (soirée anniversaire)
2026-02-21 12:23:06.950 |    ? Jeu #1: Blindtest (TOUS_ENSEMBLE)
2026-02-21 12:23:06.950 |    ? Jeu #2: Jeu de Mime (REPRESENTANT)
2026-02-21 12:23:06.951 |    ? Jeu #3: Whisky Undercover (TOUS_ENSEMBLE)
2026-02-21 12:23:06.953 |    ? Jeu #4: Speed Dating (REPRESENTANT)
2026-02-21 12:23:06.955 |    ? Jeu #5: Gage (TOUS_ENSEMBLE)
2026-02-21 12:23:06.957 | ???????????????????????????????????????????????????????????
2026-02-21 12:23:07.310 | ???????????????????????????????????????????????????????????
2026-02-21 12:23:07.311 | ? CRÉATION DES ÉQUIPES - 19 joueurs pour 4 équipes
2026-02-21 12:23:07.313 | ???????????????????????????????????????????????????????????
2026-02-21 12:23:07.334 | ??  Anciennes équipes et joueurs supprimés
2026-02-21 12:23:07.340 | ? Répartition: 10 hommes, 9 femmes
2026-02-21 12:23:07.421 | ? 4 équipes créées avec succès:
2026-02-21 12:23:07.423 |    ? Équipe 1 (#FF6B6B): 6 joueurs (3H/3F) - Points: 0 - Shots: 0
2026-02-21 12:23:07.424 |       • cqdc (HOMME)
2026-02-21 12:23:07.427 |       • vqd (HOMME)
2026-02-21 12:23:07.427 |       • zrf (HOMME)
2026-02-21 12:23:07.428 |       • qgqrg (FEMME)
2026-02-21 12:23:07.429 |       • qrgzrg (FEMME)
2026-02-21 12:23:07.430 |       • qgr (FEMME)
2026-02-21 12:23:07.431 |    ? Équipe 2 (#4ECDC4): 5 joueurs (3H/2F) - Points: 0 - Shots: 0
2026-02-21 12:23:07.431 |       • frzf (HOMME)
2026-02-21 12:23:07.432 |       • dza (HOMME)
2026-02-21 12:23:07.433 |       • azda (HOMME)
2026-02-21 12:23:07.435 |       • vqdv (FEMME)
2026-02-21 12:23:07.436 |       • gd (FEMME)
2026-02-21 12:23:07.437 |    ? Équipe 3 (#45B7D1): 4 joueurs (2H/2F) - Points: 0 - Shots: 0
2026-02-21 12:23:07.438 |       • frf (HOMME)
2026-02-21 12:23:07.439 |       • rzf (HOMME)
2026-02-21 12:23:07.441 |       • qdcdq (FEMME)
2026-02-21 12:23:07.442 |       • zrg (FEMME)
2026-02-21 12:23:07.443 |    ? Équipe 4 (#FFA07A): 4 joueurs (2H/2F) - Points: 0 - Shots: 0
2026-02-21 12:23:07.444 |       • qvdqvd (HOMME)
2026-02-21 12:23:07.444 |       • vdq (HOMME)
2026-02-21 12:23:07.444 |       • qdvq (FEMME)
2026-02-21 12:23:07.446 |       • grzgrz (FEMME)
2026-02-21 12:23:07.446 | ???????????????????????????????????????????????????????????
2026-02-21 12:26:21.886 | ?? Whisky Undercover: Mister White (équipe Équipe 2) n'a pas été éliminé ? 3 pts, les autres 0
2026-02-21 12:27:40.149 | ?????????????????????????????????????????????????????????
2026-02-21 12:27:40.150 | ? ENREGISTREMENT DES RÉSULTATS - Jeu: Speed Dating (ID: 4)
2026-02-21 12:27:40.152 | ?????????????????????????????????????????????????????????
2026-02-21 12:27:40.158 | ? Validations passées : 4 équipes avec positions uniques
2026-02-21 12:27:40.159 | ? Jeu marqué comme complété
2026-02-21 12:27:40.165 |    ? Position 1: Équipe 1 ? 4 points (+4), 0 shots (+0)
2026-02-21 12:27:40.172 |    ? Répartition aléatoire de 1 shots pour l'équipe Équipe 2:
2026-02-21 12:27:40.174 |       ? azda : 1 shot
2026-02-21 12:27:40.177 |    ? Position 2: Équipe 2 ? 6 points (+3), 1 shots (+1)
2026-02-21 12:27:40.182 |    ? Répartition aléatoire de 2 shots pour l'équipe Équipe 3:
2026-02-21 12:27:40.183 |       ? zrg : 2 shots
2026-02-21 12:27:40.187 |    ? Position 3: Équipe 3 ? 2 points (+2), 2 shots (+2)
2026-02-21 12:27:40.194 |    ? Répartition aléatoire de 3 shots pour l'équipe Équipe 4:
2026-02-21 12:27:40.196 |       ? grzgrz : 2 shots
2026-02-21 12:27:40.198 |       ? vdq : 1 shot
2026-02-21 12:27:40.199 |    4?? Position 4: Équipe 4 ? 1 points (+1), 3 shots (+3)
2026-02-21 12:27:40.200 | ? CLASSEMENT APRÈS CE JEU:
2026-02-21 12:27:40.248 |    1. Équipe 2 - 6 points - 1 shots
2026-02-21 12:27:40.249 |    2. Équipe 1 - 4 points - 0 shots
2026-02-21 12:27:40.250 |    3. Équipe 3 - 2 points - 2 shots
2026-02-21 12:27:40.252 |    4. Équipe 4 - 1 points - 3 shots
2026-02-21 12:27:40.253 | ?????????????????????????????????????????????????????????
2026-02-21 12:29:52.442 | ???????????????????????????????????????????????????????????
2026-02-21 12:29:52.443 | ? ENREGISTREMENT POINTS BONUS GAGE
2026-02-21 12:29:52.443 | ???????????????????????????????????????????????????????????
2026-02-21 12:29:52.451 | ? Points bonus ajoutés: Équipe 4 ? 4 points (+3)
2026-02-21 12:29:52.452 | ???????????????????????????????????????????????????????????
2026-02-21 12:30:36.402 | ?????????????????????????????????????????????????????????
2026-02-21 12:30:36.402 | ? ENREGISTREMENT DES RÉSULTATS - Jeu: Blindtest (ID: 1)
2026-02-21 12:30:36.403 | ?????????????????????????????????????????????????????????
2026-02-21 12:30:36.409 | ? Validations passées : 4 équipes avec positions uniques
2026-02-21 12:30:36.411 | ? Jeu marqué comme complété
2026-02-21 12:30:36.418 |    ? Répartition aléatoire de 1 shots pour l'équipe Équipe 1:
2026-02-21 12:30:36.419 |       ? qrgzrg : 1 shot
2026-02-21 12:30:36.421 |    ? Position 2: Équipe 1 ? 7 points (+3), 1 shots (+1)
2026-02-21 12:30:36.427 |    ? Répartition aléatoire de 2 shots pour l'équipe Équipe 2:
2026-02-21 12:30:36.428 |       ? dza : 2 shots
2026-02-21 12:30:36.430 |    ? Position 3: Équipe 2 ? 8 points (+2), 3 shots (+2)
2026-02-21 12:30:36.437 |    ? Répartition aléatoire de 3 shots pour l'équipe Équipe 3:
2026-02-21 12:30:36.440 |       ? frf : 2 shots
2026-02-21 12:30:36.441 |       ? rzf : 1 shot
2026-02-21 12:30:36.442 |    4?? Position 4: Équipe 3 ? 3 points (+1), 5 shots (+3)
2026-02-21 12:30:36.447 |    ? Position 1: Équipe 4 ? 8 points (+4), 3 shots (+0)
2026-02-21 12:30:36.448 | ? CLASSEMENT APRÈS CE JEU:
2026-02-21 12:30:36.472 |    1. Équipe 2 - 8 points - 3 shots
2026-02-21 12:30:36.472 |    2. Équipe 4 - 8 points - 3 shots
2026-02-21 12:30:36.473 |    3. Équipe 1 - 7 points - 1 shots
2026-02-21 12:30:36.473 |    4. Équipe 3 - 3 points - 5 shots
2026-02-21 12:30:36.474 | ?????????????????????????????????????????????????????????
2026-02-21 12:30:54.517 | ?????????????????????????????????????????????????????????
2026-02-21 12:30:54.517 | ? ENREGISTREMENT DES RÉSULTATS - Jeu: Jeu de Mime (ID: 2)
2026-02-21 12:30:54.517 | ?????????????????????????????????????????????????????????
2026-02-21 12:30:54.522 | ? Validations passées : 4 équipes avec positions uniques
2026-02-21 12:30:54.524 | ? Jeu marqué comme complété
2026-02-21 12:30:54.528 |    ? Répartition aléatoire de 1 shots pour l'équipe Équipe 1:
2026-02-21 12:30:54.532 |       ? qgqrg : 1 shot
2026-02-21 12:30:54.534 |    ? Position 2: Équipe 1 ? 10 points (+3), 2 shots (+1)
2026-02-21 12:30:54.538 |    ? Répartition aléatoire de 3 shots pour l'équipe Équipe 2:
2026-02-21 12:30:54.539 |       ? dza : 2 shots
2026-02-21 12:30:54.539 |       ? gd : 1 shot
2026-02-21 12:30:54.541 |    4?? Position 4: Équipe 2 ? 9 points (+1), 6 shots (+3)
2026-02-21 12:30:54.545 |    ? Répartition aléatoire de 2 shots pour l'équipe Équipe 3:
2026-02-21 12:30:54.546 |       ? qdcdq : 2 shots
2026-02-21 12:30:54.547 |    ? Position 3: Équipe 3 ? 5 points (+2), 7 shots (+2)
2026-02-21 12:30:54.553 |    ? Position 1: Équipe 4 ? 12 points (+4), 3 shots (+0)
2026-02-21 12:30:54.554 | ? CLASSEMENT APRÈS CE JEU:
2026-02-21 12:30:54.575 |    1. Équipe 4 - 12 points - 3 shots
2026-02-21 12:30:54.576 |    2. Équipe 1 - 10 points - 2 shots
2026-02-21 12:30:54.576 |    3. Équipe 2 - 9 points - 6 shots
2026-02-21 12:30:54.577 |    4. Équipe 3 - 5 points - 7 shots
2026-02-21 12:30:54.577 | ?????????????????????????????????????????????????????????
2026-02-21 13:53:05.562 | ???????????????????????????????????????????????????????????
2026-02-21 13:53:05.565 | ? INITIALISATION DES JEUX - Début de la soirée
2026-02-21 13:53:05.567 | ???????????????????????????????????????????????????????????
2026-02-21 13:53:05.626 | ??  Anciens jeux supprimés
2026-02-21 13:53:05.797 | ? 5 jeux initialisés (soirée anniversaire)
2026-02-21 13:53:05.799 |    ? Jeu #1: Blindtest (TOUS_ENSEMBLE)
2026-02-21 13:53:05.801 |    ? Jeu #2: Jeu de Mime (REPRESENTANT)
2026-02-21 13:53:05.802 |    ? Jeu #3: Whisky Undercover (TOUS_ENSEMBLE)
2026-02-21 13:53:05.803 |    ? Jeu #4: Speed Dating (REPRESENTANT)
2026-02-21 13:53:05.805 |    ? Jeu #5: Gage (TOUS_ENSEMBLE)
2026-02-21 13:53:05.807 | ???????????????????????????????????????????????????????????
2026-02-21 13:53:06.084 | ???????????????????????????????????????????????????????????
2026-02-21 13:53:06.086 | ? CRÉATION DES ÉQUIPES - 11 joueurs pour 3 équipes
2026-02-21 13:53:06.086 | ???????????????????????????????????????????????????????????
2026-02-21 13:53:06.103 | ??  Anciennes équipes et joueurs supprimés
2026-02-21 13:53:06.108 | ? Répartition: 7 hommes, 4 femmes
2026-02-21 13:53:06.153 | ? 3 équipes créées avec succès:
2026-02-21 13:53:06.155 |    ? Équipe 1 (#FF6B6B): 5 joueurs (3H/2F) - Points: 0 - Shots: 0
2026-02-21 13:53:06.156 |       • dsd (HOMME)
2026-02-21 13:53:06.157 |       • fsfs (HOMME)
2026-02-21 13:53:06.158 |       • fssf (HOMME)
2026-02-21 13:53:06.158 |       • zrfrzfz (FEMME)
2026-02-21 13:53:06.158 |       • zrfrfz (FEMME)
2026-02-21 13:53:06.159 |    ? Équipe 2 (#4ECDC4): 3 joueurs (2H/1F) - Points: 0 - Shots: 0
2026-02-21 13:53:06.160 |       • sssd (HOMME)
2026-02-21 13:53:06.160 |       • fdf (HOMME)
2026-02-21 13:53:06.160 |       • fsfsf (FEMME)
2026-02-21 13:53:06.161 |    ? Équipe 3 (#45B7D1): 3 joueurs (2H/1F) - Points: 0 - Shots: 0
2026-02-21 13:53:06.162 |       • sdsd (HOMME)
2026-02-21 13:53:06.162 |       • dsds (HOMME)
2026-02-21 13:53:06.163 |       • fzrz (FEMME)
2026-02-21 13:53:06.163 | ???????????????????????????????????????????????????????????
2026-02-21 14:05:47.436 | ?????????????????????????????????????????????????????????
2026-02-21 14:05:47.439 | ? ENREGISTREMENT DES RÉSULTATS - Jeu: Speed Dating (ID: 4)
2026-02-21 14:05:47.440 | ?????????????????????????????????????????????????????????
2026-02-21 14:05:47.450 | ? Validations passées : 3 équipes avec positions uniques
2026-02-21 14:05:47.463 | ? Jeu marqué comme complété
2026-02-21 14:05:47.494 |    ? Répartition aléatoire de 1 shots pour l'équipe Équipe 1:
2026-02-21 14:05:47.497 |       ? dsd : 1 shot
2026-02-21 14:05:47.500 |    ? Position 2: Équipe 1 ? 3 points (+3), 1 shots (+1)
2026-02-21 14:05:47.512 |    ? Position 1: Équipe 2 ? 4 points (+4), 0 shots (+0)
2026-02-21 14:05:47.518 |    ? Répartition aléatoire de 2 shots pour l'équipe Équipe 3:
2026-02-21 14:05:47.519 |       ? fzrz : 2 shots
2026-02-21 14:05:47.528 |    ? Position 3: Équipe 3 ? 2 points (+2), 2 shots (+2)
2026-02-21 14:05:47.529 | ? CLASSEMENT APRÈS CE JEU:
2026-02-21 14:05:47.562 |    1. Équipe 2 - 4 points - 0 shots
2026-02-21 14:05:47.563 |    2. Équipe 1 - 3 points - 1 shots
2026-02-21 14:05:47.564 |    3. Équipe 3 - 2 points - 2 shots
2026-02-21 14:05:47.565 | ?????????????????????????????????????????????????????????
2026-02-21 14:06:54.454 | ?? Whisky Undercover: Mister White (équipe Équipe 2) éliminé au tour 2 ? 0 pt, les autres 2 pts
2026-02-21 15:49:16.065 | ???????????????????????????????????????????????????????????
2026-02-21 15:49:16.065 | ? INITIALISATION DES JEUX - Début de la soirée
2026-02-21 15:49:16.065 | ???????????????????????????????????????????????????????????
2026-02-21 15:49:16.317 | ??  Anciens jeux supprimés
2026-02-21 15:49:16.380 | ? 5 jeux initialisés (soirée anniversaire)
2026-02-21 15:49:16.381 |    ? Jeu #1: Blindtest (TOUS_ENSEMBLE)
2026-02-21 15:49:16.381 |    ? Jeu #2: Jeu de Mime (REPRESENTANT)
2026-02-21 15:49:16.382 |    ? Jeu #3: Whisky Undercover (TOUS_ENSEMBLE)
2026-02-21 15:49:16.382 |    ? Jeu #4: Speed Dating (REPRESENTANT)
2026-02-21 15:49:16.383 |    ? Jeu #5: Gage (TOUS_ENSEMBLE)
2026-02-21 15:49:16.383 | ???????????????????????????????????????????????????????????
2026-02-21 15:49:16.551 | ???????????????????????????????????????????????????????????
2026-02-21 15:49:16.551 | ? CRÉATION DES ÉQUIPES - 8 joueurs pour 2 équipes
2026-02-21 15:49:16.552 | ???????????????????????????????????????????????????????????
2026-02-21 15:49:16.566 | ??  Anciennes équipes et joueurs supprimés
2026-02-21 15:49:16.567 | ? Répartition: 6 hommes, 2 femmes
2026-02-21 15:49:16.586 | ? 2 équipes créées avec succès:
2026-02-21 15:49:16.587 |    ? Équipe 1 (#FF6B6B): 4 joueurs (3H/1F) - Points: 0 - Shots: 0
2026-02-21 15:49:16.588 |       • q (HOMME)
2026-02-21 15:49:16.588 |       • x (HOMME)
2026-02-21 15:49:16.589 |       • e (HOMME)
2026-02-21 15:49:16.589 |       • h (FEMME)
2026-02-21 15:49:16.590 |    ? Équipe 2 (#4ECDC4): 4 joueurs (3H/1F) - Points: 0 - Shots: 0
2026-02-21 15:49:16.591 |       • c (HOMME)
2026-02-21 15:49:16.591 |       • c (HOMME)
2026-02-21 15:49:16.592 |       • t (HOMME)
2026-02-21 15:49:16.592 |       • c (FEMME)
2026-02-21 15:49:16.592 | ???????????????????????????????????????????????????????????
